Script started on 2023-01-26 17:42:17-05:00 [COMMAND="./run-assignment.sh 1" TERM="xterm" TTY="/dev/pts/19" COLUMNS="135" LINES="40"]
[H[2J[3J
ASSIGNMENT 1 STARTED - Thu Jan 26 05:42:17 PM EST 2023

Cleaning environment
----------------------------
rm -f assignment-1.o assignment-1

Checking environment
----------------------------
f840705b6230882e53b84c72207d405a  ./run-assignment.sh
26e458f737e20fb687bca095c829e742  assignment-1.c
checkPassword.o: OK
hackme: OK
Makefile: OK
checkPassword.h: OK

Building environment
----------------------------
make all
make[1]: Entering directory '/home/nsubaska/cs3305/Assignment-1'
gcc -c assignment-1.c -Wall -Wpedantic -Wextra -std=gnu17
gcc -o assignment-1 checkPassword.o assignment-1.o -Wall -Wpedantic -Wextra -std=gnu17
make[1]: Leaving directory '/home/nsubaska/cs3305/Assignment-1'

Assignment 1 (without forking)
----------------------------
assignment-1,437648
Cs3
305
isF
un!
198 Seconds

Assignment 1 (with forking)
-------------------------
PID 1.0 IS 438256. CHILD 1.1 IS 437632
PID 1.1 IS 438258. PPID 1.0 IS 438256
PID 1.0 IS 438256. CHILD 1.2 IS 437632
PID 1.1.1 IS 438258. PPID 1.1 IS 438256
PID 1.1 IS 438259. CHILD 1.1.1 IS 438256
PID 1.2 IS 438260. PPID 1.0 IS 438258
assignment-1,438256 -f
  ├─assignment-1,438258 -f
  │   └─assignment-1,438260 -f
  └─assignment-1,438259 -f
305
Cs3
isF
un!
50 Seconds

Enter your guess: Cs3305isFun!
Trying: Cs3305isFun!
Please enter a password: ACCESS GRANTED!

Cleaning environment
----------------------------
rm -f assignment-1.o assignment-1

ASSIGNMENT 1 COMPLETED - Thu Jan 26 05:46:31 PM EST 2023

Script done on 2023-01-26 17:46:31-05:00 [COMMAND_EXIT_CODE="0"]
